<?xml version="1.0" encoding="UTF-8"?>
<!-- Generated by org.testng.reporters.JUnitReportReporter -->
<testsuite skipped="0" hostname="DESKTOP-S4HJIK7" name="com.buyproduct.BuyOnionTest" tests="3" failures="0" timestamp="24 Jun 2022 17:05:09 GMT" time="54.444" errors="0">
  <testcase name="testBigBasket" time="19.713" classname="com.buyproduct.BuyOnionTest"/>
  <testcase name="testAmazon" time="20.540" classname="com.buyproduct.BuyOnionTest"/>
  <testcase name="testFlipkart" time="14.191" classname="com.buyproduct.BuyOnionTest"/>
</testsuite> <!-- com.buyproduct.BuyOnionTest -->
